<?xml version="1.0" encoding="UTF-8"?>
<!-- Generated by org.testng.reporters.JUnitXMLReporter -->
<testsuite ignored="0" hostname="LAPTOP-6OACLVLF" failures="2" tests="2" name="Gmail_Links_test" time="13.242" errors="0" timestamp="2021-12-22T19:08:51 IST">
  <testcase classname="com.Amazon_project_TestCases.Gmail_Links" name="verify_gmail_link" time="0.156">
    <failure type="java.lang.AssertionError" message="expected [gmail] but found [Gmail]">
      <![CDATA[java.lang.AssertionError: expected [gmail] but found [Gmail]
at com.Amazon_project_TestCases.Gmail_Links.verify_gmail_link(Gmail_Links.java:70)
at java.base/java.util.ArrayList.forEach(ArrayList.java:1511)
... Removed 33 stack frames]]>
    </failure>
  </testcase> <!-- verify_gmail_link -->
  <testcase classname="com.Amazon_project_TestCases.Gmail_Links" name="verify_imageslink" time="0.069">
    <failure type="java.lang.AssertionError" message="expected [images] but found [Images]">
      <![CDATA[java.lang.AssertionError: expected [images] but found [Images]
at com.Amazon_project_TestCases.Gmail_Links.verify_imageslink(Gmail_Links.java:84)
at java.base/java.util.ArrayList.forEach(ArrayList.java:1511)
... Removed 33 stack frames]]>
    </failure>
  </testcase> <!-- verify_imageslink -->
</testsuite> <!-- Gmail_Links_test -->
