<?xml version="1.0" encoding="UTF-8"?>
<!-- Generated by org.testng.reporters.JUnitXMLReporter -->
<testsuite ignored="1" hostname="LAPTOP-6OACLVLF" failures="0" tests="1" name="Default test(failed)(failed)" time="0.036" errors="0" timestamp="2021-12-16T19:20:29 IST">
  <testcase classname="com.Amazon_project_TestCases.Test_Reports" name="testreport" time="0.007"/>
  <testcase classname="com.Amazon_project_TestCases.Test_Reports" name="testreports" time="0.0">
    <ignored/>
  </testcase> <!-- testreports -->
</testsuite> <!-- Default test(failed)(failed) -->
