<?xml version="1.0" encoding="UTF-8"?>
<testng-results skipped="0" failed="0" ignored="0" total="2" passed="2">
  <reporter-output>
    <line>
      <![CDATA[Login Successverified valid login]]>
    </line>
    <line>
      <![CDATA[Login fail]]>
    </line>
  </reporter-output>
  <suite name="Suite" duration-ms="14176" started-at="2021-12-21T19:34:41 IST" finished-at="2021-12-21T19:34:55 IST">
    <groups>
    </groups>
    <test name="chrometest" duration-ms="14176" started-at="2021-12-21T19:34:41 IST" finished-at="2021-12-21T19:34:55 IST">
      <class name="com.Amazon_project_TestCases.LoginTest">
        <test-method status="PASS" signature="getbrowser()[pri:0, instance:com.Amazon_project_TestCases.LoginTest@528931cf]" name="getbrowser" is-config="true" duration-ms="8519" started-at="2021-12-21T19:34:41 IST" finished-at="2021-12-21T19:34:49 IST">
          <reporter-output>
          </reporter-output>
        </test-method> <!-- getbrowser -->
        <test-method status="PASS" signature="verify_valid_login(java.lang.String,java.lang.String)[pri:0, instance:com.Amazon_project_TestCases.LoginTest@528931cf]" name="verify_valid_login" duration-ms="3831" started-at="2021-12-21T19:34:49 IST" finished-at="2021-12-21T19:34:53 IST">
          <params>
            <param index="0">
              <value>
                <![CDATA[qatrainer]]>
              </value>
            </param>
            <param index="1">
              <value>
                <![CDATA[admin123]]>
              </value>
            </param>
          </params>
          <reporter-output>
            <line>
              <![CDATA[Login Successverified valid login]]>
            </line>
          </reporter-output>
        </test-method> <!-- verify_valid_login -->
        <test-method status="PASS" signature="verify_invalid_login(java.lang.String,java.lang.String)[pri:1, instance:com.Amazon_project_TestCases.LoginTest@528931cf]" name="verify_invalid_login" duration-ms="1364" started-at="2021-12-21T19:34:53 IST" finished-at="2021-12-21T19:34:55 IST">
          <params>
            <param index="0">
              <value>
                <![CDATA[tester]]>
              </value>
            </param>
            <param index="1">
              <value>
                <![CDATA[admin123]]>
              </value>
            </param>
          </params>
          <reporter-output>
            <line>
              <![CDATA[Login fail]]>
            </line>
          </reporter-output>
        </test-method> <!-- verify_invalid_login -->
        <test-method status="PASS" signature="closetest()[pri:0, instance:com.Amazon_project_TestCases.LoginTest@528931cf]" name="closetest" is-config="true" duration-ms="295" started-at="2021-12-21T19:34:55 IST" finished-at="2021-12-21T19:34:55 IST">
          <reporter-output>
          </reporter-output>
        </test-method> <!-- closetest -->
      </class> <!-- com.Amazon_project_TestCases.LoginTest -->
    </test> <!-- chrometest -->
  </suite> <!-- Suite -->
</testng-results>
